Building documentation...
Initializing...
Merging XML documentation...
Building file mapping...
Loading XSLT files...
    namespace.xslt
    namespacehierarchy.xslt
    type.xslt
    typehierarchy.xslt
    allmembers.xslt
    individualmembers.xslt
    event.xslt
    member.xslt
    memberoverload.xslt
    property.xslt
    field.xslt
    htmlcontents.xslt
Generating HTML pages...
InCome.html
InComeHierarchy.html
InCome.CachedcrCards.html
InCome.CachedcrCardsMembers.html
InCome.CachedcrCardsConstructor.html
InCome.CachedcrCardsProperties.html
InCome.CachedcrCards.CacheTimeOut.html
InCome.CachedcrCards.IsCacheable.html
InCome.CachedcrCards.ShareDBLogonInfo.html
InCome.CachedcrCardsMethods.html
InCome.CachedcrCards.CreateReport.html
InCome.CachedcrCards.GetCustomizedCacheKey.html
InCome.CachedcrCurrent.html
InCome.CachedcrCurrentMembers.html
InCome.CachedcrCurrentConstructor.html
InCome.CachedcrCurrentProperties.html
InCome.CachedcrCurrent.CacheTimeOut.html
InCome.CachedcrCurrent.IsCacheable.html
InCome.CachedcrCurrent.ShareDBLogonInfo.html
InCome.CachedcrCurrentMethods.html
InCome.CachedcrCurrent.CreateReport.html
InCome.CachedcrCurrent.GetCustomizedCacheKey.html
InCome.CachedcrDayReport.html
InCome.CachedcrDayReportMembers.html
InCome.CachedcrDayReportConstructor.html
InCome.CachedcrDayReportProperties.html
InCome.CachedcrDayReport.CacheTimeOut.html
InCome.CachedcrDayReport.IsCacheable.html
InCome.CachedcrDayReport.ShareDBLogonInfo.html
InCome.CachedcrDayReportMethods.html
InCome.CachedcrDayReport.CreateReport.html
InCome.CachedcrDayReport.GetCustomizedCacheKey.html
InCome.CachedcrTotalReport.html
InCome.CachedcrTotalReportMembers.html
InCome.CachedcrTotalReportConstructor.html
InCome.CachedcrTotalReportProperties.html
InCome.CachedcrTotalReport.CacheTimeOut.html
InCome.CachedcrTotalReport.IsCacheable.html
InCome.CachedcrTotalReport.ShareDBLogonInfo.html
InCome.CachedcrTotalReportMethods.html
InCome.CachedcrTotalReport.CreateReport.html
InCome.CachedcrTotalReport.GetCustomizedCacheKey.html
InCome.CDbCreator.html
InCome.CDbCreatorMembers.html
InCome.CDbCreatorConstructor.html
InCome.CDbCreatorFields.html
InCome.CDbCreator.conStr.html
InCome.CDbCreator.sqlVer.html
InCome.CDbCreatorMethods.html
InCome.CDbCreator.createDB.html
InCome.CDbCreator.dropDB.html
InCome.CDbCreator.getDBCon.html
InCome.CDbCreator.getPasswCon.html
InCome.CDbCreator.getRegValue.html
InCome.CDbCreator.getServerCon.html
InCome.CDbCreator.getUserCon.html
InCome.CDbCreator.isDBase.html
InCome.CDbCreator.setConStr.html
InCome.CDbCreator.SetPassword.html
InCome.CDbCreator.setRegValue.html
InCome.CEncode128.html
InCome.CEncode128Members.html
InCome.CEncode128Constructor.html
InCome.CEncode128StaticConstructor.html
InCome.CEncode128Fields.html
InCome.CEncode128.ar.html
InCome.CEncode128Methods.html
InCome.CEncode128.code128ID.html
InCome.CEncode128.codeChar.html
InCome.CEncode128.Encode128.html
InCome.crCards.html
InCome.crCardsMembers.html
InCome.crCardsConstructor.html
InCome.crCardsProperties.html
InCome.crCards.ResourceName.html
InCome.crCards.Section1.html
InCome.crCards.Section2.html
InCome.crCards.Section3.html
InCome.crCards.Section4.html
InCome.crCards.Section5.html
InCome.crCurrent.html
InCome.crCurrentMembers.html
InCome.crCurrentConstructor.html
InCome.crCurrentProperties.html
InCome.crCurrent.ResourceName.html
InCome.crCurrent.Section1.html
InCome.crCurrent.Section2.html
InCome.crCurrent.Section3.html
InCome.crCurrent.Section4.html
InCome.crCurrent.Section5.html
InCome.crDayReport.html
InCome.crDayReportMembers.html
InCome.crDayReportConstructor.html
InCome.crDayReportProperties.html
InCome.crDayReport.Parameter_report_dur.html
InCome.crDayReport.ResourceName.html
InCome.crDayReport.Section1.html
InCome.crDayReport.Section2.html
InCome.crDayReport.Section3.html
InCome.crDayReport.Section4.html
InCome.crDayReport.Section5.html
InCome.crDayReport.Section6.html
InCome.crDayReport.Section7.html
InCome.crDayReport.Section8.html
InCome.crDayReport.Section9.html
InCome.crTotalReport.html
InCome.crTotalReportMembers.html
InCome.crTotalReportConstructor.html
InCome.crTotalReportProperties.html
InCome.crTotalReport.Parameter_report_dur.html
InCome.crTotalReport.ResourceName.html
InCome.crTotalReport.Section1.html
InCome.crTotalReport.Section2.html
InCome.crTotalReport.Section3.html
InCome.crTotalReport.Section4.html
InCome.crTotalReport.Section5.html
InCome.crTotalReport.Section6.html
InCome.crTotalReport.Section7.html
InCome.dsCurrent.html
InCome.dsCurrentMembers.html
InCome.dsCurrentConstructor.html
InCome.dsCurrentConstructor1.html
InCome.dsCurrentConstructor2.html
InCome.dsCurrentFields.html
InCome.dsCurrent.tableEmplCurrent.html
InCome.dsCurrent.tablevwReportSource.html
InCome.dsCurrentProperties.html
InCome.dsCurrent.EmplCurrent.html
InCome.dsCurrent.vwReportSource.html
InCome.dsCurrentMethods.html
InCome.dsCurrent.Clone.html
InCome.dsCurrent.GetSchemaSerializable.html
InCome.dsCurrent.InitClass.html
InCome.dsCurrent.ReadXmlSerializable.html
InCome.dsCurrent.SchemaChanged.html
InCome.dsCurrent.ShouldSerializeEmplCurrent.html
InCome.dsCurrent.ShouldSerializeRelations.html
InCome.dsCurrent.ShouldSerializeTables.html
InCome.dsCurrent.ShouldSerializevwReportSource.html
InCome.dsCurrent.EmplCurrentDataTable.html
InCome.dsCurrent.EmplCurrentDataTableMembers.html
InCome.dsCurrent.EmplCurrentDataTableFields.html
InCome.dsCurrent.EmplCurrentDataTable.columnDUR.html
InCome.dsCurrent.EmplCurrentDataTable.columnFIO.html
InCome.dsCurrent.EmplCurrentDataTable.columnINOUTDATETIME.html
InCome.dsCurrent.EmplCurrentDataTable.columnMCODE.html
InCome.dsCurrent.EmplCurrentDataTable.columnMDEPARTMENT.html
InCome.dsCurrent.EmplCurrentDataTable.columnMGROUP.html
InCome.dsCurrent.EmplCurrentDataTable.columnMID.html
InCome.dsCurrent.EmplCurrentDataTableProperties.html
InCome.dsCurrent.EmplCurrentDataTable.Count.html
InCome.dsCurrent.EmplCurrentDataTable.Item.html
InCome.dsCurrent.EmplCurrentDataTableMethods.html
InCome.dsCurrent.EmplCurrentDataTable.AddEmplCurrentRow_overloads.html
InCome.dsCurrent.EmplCurrentDataTable.AddEmplCurrentRow_overload_1.html
InCome.dsCurrent.EmplCurrentDataTable.AddEmplCurrentRow_overload_2.html
InCome.dsCurrent.EmplCurrentDataTable.Clone.html
InCome.dsCurrent.EmplCurrentDataTable.CreateInstance.html
InCome.dsCurrent.EmplCurrentDataTable.GetEnumerator.html
InCome.dsCurrent.EmplCurrentDataTable.GetRowType.html
InCome.dsCurrent.EmplCurrentDataTable.InitClass.html
InCome.dsCurrent.EmplCurrentDataTable.NewEmplCurrentRow.html
InCome.dsCurrent.EmplCurrentDataTable.NewRowFromBuilder.html
InCome.dsCurrent.EmplCurrentDataTable.OnRowChanged.html
InCome.dsCurrent.EmplCurrentDataTable.OnRowChanging.html
InCome.dsCurrent.EmplCurrentDataTable.OnRowDeleted.html
InCome.dsCurrent.EmplCurrentDataTable.OnRowDeleting.html
InCome.dsCurrent.EmplCurrentDataTable.RemoveEmplCurrentRow.html
InCome.dsCurrent.EmplCurrentDataTableEvents.html
InCome.dsCurrent.EmplCurrentDataTable.EmplCurrentRowChanged.html
InCome.dsCurrent.EmplCurrentDataTable.EmplCurrentRowChanging.html
InCome.dsCurrent.EmplCurrentDataTable.EmplCurrentRowDeleted.html
InCome.dsCurrent.EmplCurrentDataTable.EmplCurrentRowDeleting.html
InCome.dsCurrent.EmplCurrentRow.html
InCome.dsCurrent.EmplCurrentRowMembers.html
InCome.dsCurrent.EmplCurrentRowFields.html
InCome.dsCurrent.EmplCurrentRow.tableEmplCurrent.html
InCome.dsCurrent.EmplCurrentRowProperties.html
InCome.dsCurrent.EmplCurrentRow.DUR.html
InCome.dsCurrent.EmplCurrentRow.FIO.html
InCome.dsCurrent.EmplCurrentRow.INOUTDATETIME.html
InCome.dsCurrent.EmplCurrentRow.MCODE.html
InCome.dsCurrent.EmplCurrentRow.MDEPARTMENT.html
InCome.dsCurrent.EmplCurrentRow.MGROUP.html
InCome.dsCurrent.EmplCurrentRow.MID.html
InCome.dsCurrent.EmplCurrentRowMethods.html
InCome.dsCurrent.EmplCurrentRow.IsDURNull.html
InCome.dsCurrent.EmplCurrentRow.IsFIONull.html
InCome.dsCurrent.EmplCurrentRow.IsINOUTDATETIMENull.html
InCome.dsCurrent.EmplCurrentRow.IsMCODENull.html
InCome.dsCurrent.EmplCurrentRow.IsMDEPARTMENTNull.html
InCome.dsCurrent.EmplCurrentRow.IsMGROUPNull.html
InCome.dsCurrent.EmplCurrentRow.IsMIDNull.html
InCome.dsCurrent.EmplCurrentRow.SetDURNull.html
InCome.dsCurrent.EmplCurrentRow.SetFIONull.html
InCome.dsCurrent.EmplCurrentRow.SetINOUTDATETIMENull.html
InCome.dsCurrent.EmplCurrentRow.SetMCODENull.html
InCome.dsCurrent.EmplCurrentRow.SetMDEPARTMENTNull.html
InCome.dsCurrent.EmplCurrentRow.SetMGROUPNull.html
InCome.dsCurrent.EmplCurrentRow.SetMIDNull.html
InCome.dsCurrent.EmplCurrentRowChangeEvent.html
InCome.dsCurrent.EmplCurrentRowChangeEventMembers.html
InCome.dsCurrent.EmplCurrentRowChangeEventConstructor.html
InCome.dsCurrent.EmplCurrentRowChangeEventFields.html
InCome.dsCurrent.EmplCurrentRowChangeEvent.eventAction.html
InCome.dsCurrent.EmplCurrentRowChangeEvent.eventRow.html
InCome.dsCurrent.EmplCurrentRowChangeEventProperties.html
InCome.dsCurrent.EmplCurrentRowChangeEvent.Action.html
InCome.dsCurrent.EmplCurrentRowChangeEvent.Row.html
InCome.dsCurrent.EmplCurrentRowChangeEventHandler.html
InCome.dsCurrent.vwReportSourceDataTable.html
InCome.dsCurrent.vwReportSourceDataTableMembers.html
InCome.dsCurrent.vwReportSourceDataTableFields.html
InCome.dsCurrent.vwReportSourceDataTable.columnDATE.html
InCome.dsCurrent.vwReportSourceDataTable.columnDUR.html
InCome.dsCurrent.vwReportSourceDataTable.columnFIO.html
InCome.dsCurrent.vwReportSourceDataTable.columnINTIME.html
InCome.dsCurrent.vwReportSourceDataTable.columnMDEPARTMENT.html
InCome.dsCurrent.vwReportSourceDataTable.columnMGROUP.html
InCome.dsCurrent.vwReportSourceDataTable.columnMID.html
InCome.dsCurrent.vwReportSourceDataTable.columnMINDUR.html
InCome.dsCurrent.vwReportSourceDataTable.columnOUTTIME.html
InCome.dsCurrent.vwReportSourceDataTableProperties.html
InCome.dsCurrent.vwReportSourceDataTable.Count.html
InCome.dsCurrent.vwReportSourceDataTable.Item.html
InCome.dsCurrent.vwReportSourceDataTableMethods.html
InCome.dsCurrent.vwReportSourceDataTable.AddvwReportSourceRow_overloads.html
InCome.dsCurrent.vwReportSourceDataTable.AddvwReportSourceRow_overload_1.html
InCome.dsCurrent.vwReportSourceDataTable.AddvwReportSourceRow_overload_2.html
InCome.dsCurrent.vwReportSourceDataTable.Clone.html
InCome.dsCurrent.vwReportSourceDataTable.CreateInstance.html
InCome.dsCurrent.vwReportSourceDataTable.GetEnumerator.html
InCome.dsCurrent.vwReportSourceDataTable.GetRowType.html
InCome.dsCurrent.vwReportSourceDataTable.InitClass.html
InCome.dsCurrent.vwReportSourceDataTable.NewRowFromBuilder.html
InCome.dsCurrent.vwReportSourceDataTable.NewvwReportSourceRow.html
InCome.dsCurrent.vwReportSourceDataTable.OnRowChanged.html
InCome.dsCurrent.vwReportSourceDataTable.OnRowChanging.html
InCome.dsCurrent.vwReportSourceDataTable.OnRowDeleted.html
InCome.dsCurrent.vwReportSourceDataTable.OnRowDeleting.html
InCome.dsCurrent.vwReportSourceDataTable.RemovevwReportSourceRow.html
InCome.dsCurrent.vwReportSourceDataTableEvents.html
InCome.dsCurrent.vwReportSourceDataTable.vwReportSourceRowChanged.html
InCome.dsCurrent.vwReportSourceDataTable.vwReportSourceRowChanging.html
InCome.dsCurrent.vwReportSourceDataTable.vwReportSourceRowDeleted.html
InCome.dsCurrent.vwReportSourceDataTable.vwReportSourceRowDeleting.html
InCome.dsCurrent.vwReportSourceRow.html
InCome.dsCurrent.vwReportSourceRowMembers.html
InCome.dsCurrent.vwReportSourceRowFields.html
InCome.dsCurrent.vwReportSourceRow.tablevwReportSource.html
InCome.dsCurrent.vwReportSourceRowProperties.html
InCome.dsCurrent.vwReportSourceRow.DATE.html
InCome.dsCurrent.vwReportSourceRow.DUR.html
InCome.dsCurrent.vwReportSourceRow.FIO.html
InCome.dsCurrent.vwReportSourceRow.INTIME.html
InCome.dsCurrent.vwReportSourceRow.MDEPARTMENT.html
InCome.dsCurrent.vwReportSourceRow.MGROUP.html
InCome.dsCurrent.vwReportSourceRow.MID.html
InCome.dsCurrent.vwReportSourceRow.MINDUR.html
InCome.dsCurrent.vwReportSourceRow.OUTTIME.html
InCome.dsCurrent.vwReportSourceRowMethods.html
InCome.dsCurrent.vwReportSourceRow.IsDATENull.html
InCome.dsCurrent.vwReportSourceRow.IsDURNull.html
InCome.dsCurrent.vwReportSourceRow.IsFIONull.html
InCome.dsCurrent.vwReportSourceRow.IsINTIMENull.html
InCome.dsCurrent.vwReportSourceRow.IsMDEPARTMENTNull.html
InCome.dsCurrent.vwReportSourceRow.IsMGROUPNull.html
InCome.dsCurrent.vwReportSourceRow.IsMIDNull.html
InCome.dsCurrent.vwReportSourceRow.IsMINDURNull.html
InCome.dsCurrent.vwReportSourceRow.IsOUTTIMENull.html
InCome.dsCurrent.vwReportSourceRow.SetDATENull.html
InCome.dsCurrent.vwReportSourceRow.SetDURNull.html
InCome.dsCurrent.vwReportSourceRow.SetFIONull.html
InCome.dsCurrent.vwReportSourceRow.SetINTIMENull.html
InCome.dsCurrent.vwReportSourceRow.SetMDEPARTMENTNull.html
InCome.dsCurrent.vwReportSourceRow.SetMGROUPNull.html
InCome.dsCurrent.vwReportSourceRow.SetMIDNull.html
InCome.dsCurrent.vwReportSourceRow.SetMINDURNull.html
InCome.dsCurrent.vwReportSourceRow.SetOUTTIMENull.html
InCome.dsCurrent.vwReportSourceRowChangeEvent.html
InCome.dsCurrent.vwReportSourceRowChangeEventMembers.html
InCome.dsCurrent.vwReportSourceRowChangeEventConstructor.html
InCome.dsCurrent.vwReportSourceRowChangeEventFields.html
InCome.dsCurrent.vwReportSourceRowChangeEvent.eventAction.html
InCome.dsCurrent.vwReportSourceRowChangeEvent.eventRow.html
InCome.dsCurrent.vwReportSourceRowChangeEventProperties.html
InCome.dsCurrent.vwReportSourceRowChangeEvent.Action.html
InCome.dsCurrent.vwReportSourceRowChangeEvent.Row.html
InCome.dsCurrent.vwReportSourceRowChangeEventHandler.html
InCome.dsReportSource.html
InCome.dsReportSourceMembers.html
InCome.dsReportSourceConstructor.html
InCome.dsReportSourceConstructor1.html
InCome.dsReportSourceConstructor2.html
InCome.dsReportSourceFields.html
InCome.dsReportSource.tablevwReportSource.html
InCome.dsReportSourceProperties.html
InCome.dsReportSource.vwReportSource.html
InCome.dsReportSourceMethods.html
InCome.dsReportSource.Clone.html
InCome.dsReportSource.GetSchemaSerializable.html
InCome.dsReportSource.InitClass.html
InCome.dsReportSource.ReadXmlSerializable.html
InCome.dsReportSource.SchemaChanged.html
InCome.dsReportSource.ShouldSerializeRelations.html
InCome.dsReportSource.ShouldSerializeTables.html
InCome.dsReportSource.ShouldSerializevwReportSource.html
InCome.dsReportSource.vwReportSourceDataTable.html
InCome.dsReportSource.vwReportSourceDataTableMembers.html
InCome.dsReportSource.vwReportSourceDataTableFields.html
InCome.dsReportSource.vwReportSourceDataTable.columnDATE.html
InCome.dsReportSource.vwReportSourceDataTable.columnDUR.html
InCome.dsReportSource.vwReportSourceDataTable.columnFIO.html
InCome.dsReportSource.vwReportSourceDataTable.columnHOURDUR.html
InCome.dsReportSource.vwReportSourceDataTable.columnINTIME.html
InCome.dsReportSource.vwReportSourceDataTable.columnMDEPARTMENT.html
InCome.dsReportSource.vwReportSourceDataTable.columnMGROUP.html
InCome.dsReportSource.vwReportSourceDataTable.columnMID.html
InCome.dsReportSource.vwReportSourceDataTable.columnOUTTIME.html
InCome.dsReportSource.vwReportSourceDataTableProperties.html
InCome.dsReportSource.vwReportSourceDataTable.Count.html
InCome.dsReportSource.vwReportSourceDataTable.Item.html
InCome.dsReportSource.vwReportSourceDataTableMethods.html
InCome.dsReportSource.vwReportSourceDataTable.AddvwReportSourceRow_overloads.html
InCome.dsReportSource.vwReportSourceDataTable.AddvwReportSourceRow_overload_1.html
InCome.dsReportSource.vwReportSourceDataTable.AddvwReportSourceRow_overload_2.html
InCome.dsReportSource.vwReportSourceDataTable.Clone.html
InCome.dsReportSource.vwReportSourceDataTable.CreateInstance.html
InCome.dsReportSource.vwReportSourceDataTable.GetEnumerator.html
InCome.dsReportSource.vwReportSourceDataTable.GetRowType.html
InCome.dsReportSource.vwReportSourceDataTable.InitClass.html
InCome.dsReportSource.vwReportSourceDataTable.NewRowFromBuilder.html
InCome.dsReportSource.vwReportSourceDataTable.NewvwReportSourceRow.html
InCome.dsReportSource.vwReportSourceDataTable.OnRowChanged.html
InCome.dsReportSource.vwReportSourceDataTable.OnRowChanging.html
InCome.dsReportSource.vwReportSourceDataTable.OnRowDeleted.html
InCome.dsReportSource.vwReportSourceDataTable.OnRowDeleting.html
InCome.dsReportSource.vwReportSourceDataTable.RemovevwReportSourceRow.html
InCome.dsReportSource.vwReportSourceDataTableEvents.html
InCome.dsReportSource.vwReportSourceDataTable.vwReportSourceRowChanged.html
InCome.dsReportSource.vwReportSourceDataTable.vwReportSourceRowChanging.html
InCome.dsReportSource.vwReportSourceDataTable.vwReportSourceRowDeleted.html
InCome.dsReportSource.vwReportSourceDataTable.vwReportSourceRowDeleting.html
InCome.dsReportSource.vwReportSourceRow.html
InCome.dsReportSource.vwReportSourceRowMembers.html
InCome.dsReportSource.vwReportSourceRowFields.html
InCome.dsReportSource.vwReportSourceRow.tablevwReportSource.html
InCome.dsReportSource.vwReportSourceRowProperties.html
InCome.dsReportSource.vwReportSourceRow.DATE.html
InCome.dsReportSource.vwReportSourceRow.DUR.html
InCome.dsReportSource.vwReportSourceRow.FIO.html
InCome.dsReportSource.vwReportSourceRow.HOURDUR.html
InCome.dsReportSource.vwReportSourceRow.INTIME.html
InCome.dsReportSource.vwReportSourceRow.MDEPARTMENT.html
InCome.dsReportSource.vwReportSourceRow.MGROUP.html
InCome.dsReportSource.vwReportSourceRow.MID.html
InCome.dsReportSource.vwReportSourceRow.OUTTIME.html
InCome.dsReportSource.vwReportSourceRowMethods.html
InCome.dsReportSource.vwReportSourceRow.IsDATENull.html
InCome.dsReportSource.vwReportSourceRow.IsDURNull.html
InCome.dsReportSource.vwReportSourceRow.IsFIONull.html
InCome.dsReportSource.vwReportSourceRow.IsHOURDURNull.html
InCome.dsReportSource.vwReportSourceRow.IsINTIMENull.html
InCome.dsReportSource.vwReportSourceRow.IsMDEPARTMENTNull.html
InCome.dsReportSource.vwReportSourceRow.IsMGROUPNull.html
InCome.dsReportSource.vwReportSourceRow.IsMIDNull.html
InCome.dsReportSource.vwReportSourceRow.IsOUTTIMENull.html
InCome.dsReportSource.vwReportSourceRow.SetDATENull.html
InCome.dsReportSource.vwReportSourceRow.SetDURNull.html
InCome.dsReportSource.vwReportSourceRow.SetFIONull.html
InCome.dsReportSource.vwReportSourceRow.SetHOURDURNull.html
InCome.dsReportSource.vwReportSourceRow.SetINTIMENull.html
InCome.dsReportSource.vwReportSourceRow.SetMDEPARTMENTNull.html
InCome.dsReportSource.vwReportSourceRow.SetMGROUPNull.html
InCome.dsReportSource.vwReportSourceRow.SetMIDNull.html
InCome.dsReportSource.vwReportSourceRow.SetOUTTIMENull.html
InCome.dsReportSource.vwReportSourceRowChangeEvent.html
InCome.dsReportSource.vwReportSourceRowChangeEventMembers.html
InCome.dsReportSource.vwReportSourceRowChangeEventConstructor.html
InCome.dsReportSource.vwReportSourceRowChangeEventFields.html
InCome.dsReportSource.vwReportSourceRowChangeEvent.eventAction.html
InCome.dsReportSource.vwReportSourceRowChangeEvent.eventRow.html
InCome.dsReportSource.vwReportSourceRowChangeEventProperties.html
InCome.dsReportSource.vwReportSourceRowChangeEvent.Action.html
InCome.dsReportSource.vwReportSourceRowChangeEvent.Row.html
InCome.dsReportSource.vwReportSourceRowChangeEventHandler.html
InCome.fmAdminLog.html
InCome.fmAdminLogMembers.html
InCome.fmAdminLogConstructor.html
InCome.fmAdminLogFields.html
InCome.fmAdminLog.bntSetPassword.html
InCome.fmAdminLog.btnCancel.html
InCome.fmAdminLog.btnCancelNewPassword.html
InCome.fmAdminLog.btnChangePassword.html
InCome.fmAdminLog.btnLog.html
InCome.fmAdminLog.components.html
InCome.fmAdminLog.fdcr.html
InCome.fmAdminLog.isLog.html
InCome.fmAdminLog.label1.html
InCome.fmAdminLog.label2.html
InCome.fmAdminLog.label3.html
InCome.fmAdminLog.tbNewPassword.html
InCome.fmAdminLog.tbNewPasswordConf.html
InCome.fmAdminLog.tbPassword.html
InCome.fmAdminLogMethods.html
InCome.fmAdminLog.bntSetPassword_Click.html
InCome.fmAdminLog.btnCancelNewPassword_Click.html
InCome.fmAdminLog.btnChangePassword_Click.html
InCome.fmAdminLog.btnLog_Click.html
InCome.fmAdminLog.button1_Click.html
InCome.fmAdminLog.Dispose_overload_2.html
InCome.fmAdminLog.fmAdminLog_Activated.html
InCome.fmAdminLog.fmAdminLog_Load.html
InCome.fmAdminLog.InitializeComponent.html
InCome.fmAdminLog.logAdmin.html
InCome.fmDepart.html
InCome.fmDepartMembers.html
InCome.fmDepartConstructor.html
InCome.fmDepartFields.html
InCome.fmDepart.bntAdd.html
InCome.fmDepart.btnChange.html
InCome.fmDepart.btnClose.html
InCome.fmDepart.btnDel.html
InCome.fmDepart.cbManager.html
InCome.fmDepart.cbTopDepart.html
InCome.fmDepart.components.html
InCome.fmDepart.conStr.html
InCome.fmDepart.dgDepart.html
InCome.fmDepart.dsDepart.html
InCome.fmDepart.label1.html
InCome.fmDepart.label2.html
InCome.fmDepart.label3.html
InCome.fmDepart.label4.html
InCome.fmDepart.tbName.html
InCome.fmDepart.tbPhone.html
InCome.fmDepartMethods.html
InCome.fmDepart.addDepart.html
InCome.fmDepart.bntAdd_Click.html
InCome.fmDepart.btnChange_Click.html
InCome.fmDepart.btnClose_Click.html
InCome.fmDepart.btnDel_Click.html
InCome.fmDepart.cbManager_DropDown.html
InCome.fmDepart.cbTopDepart_DropDown.html
InCome.fmDepart.changeDepart.html
InCome.fmDepart.delDepart.html
InCome.fmDepart.dgDepart_CurrentCellChanged.html
InCome.fmDepart.Dispose_overload_2.html
InCome.fmDepart.fillDeparts.html
InCome.fmDepart.fmDepart_Activated.html
InCome.fmDepart.fmDepart_Load.html
InCome.fmDepart.getDeparts.html
InCome.fmDepart.InitializeComponent.html
InCome.fmDepart.setGrid.html
InCome.fmEmpl.html
InCome.fmEmplMembers.html
InCome.fmEmplConstructor.html
InCome.fmEmplFields.html
InCome.fmEmpl.btnAdd.html
InCome.fmEmpl.btnClose.html
InCome.fmEmpl.btnDelEmpl.html
InCome.fmEmpl.btnDelQueue.html
InCome.fmEmpl.btnNewCode.html
InCome.fmEmpl.btnNewDepart.html
InCome.fmEmpl.btnNewGroup.html
InCome.fmEmpl.btnPrintQueue.html
InCome.fmEmpl.btnSave.html
InCome.fmEmpl.btnToQueue.html
InCome.fmEmpl.cbDepart.html
InCome.fmEmpl.cbGroup.html
InCome.fmEmpl.cbLocked.html
InCome.fmEmpl.cbMale.html
InCome.fmEmpl.cbUsePassword.html
InCome.fmEmpl.cmTree.html
InCome.fmEmpl.components.html
InCome.fmEmpl.conStr.html
InCome.fmEmpl.dtpBirth.html
InCome.fmEmpl.dtpEmplDate.html
InCome.fmEmpl.gbPassword.html
InCome.fmEmpl.groupBox1.html
InCome.fmEmpl.groupBox2.html
InCome.fmEmpl.groupBox3.html
InCome.fmEmpl.groupBox4.html
InCome.fmEmpl.label1.html
InCome.fmEmpl.label10.html
InCome.fmEmpl.label11.html
InCome.fmEmpl.label12.html
InCome.fmEmpl.label13.html
InCome.fmEmpl.label14.html
InCome.fmEmpl.label15.html
InCome.fmEmpl.label16.html
InCome.fmEmpl.label17.html
InCome.fmEmpl.label18.html
InCome.fmEmpl.label19.html
InCome.fmEmpl.label2.html
InCome.fmEmpl.label20.html
InCome.fmEmpl.label3.html
InCome.fmEmpl.label4.html
InCome.fmEmpl.label5.html
InCome.fmEmpl.label6.html
InCome.fmEmpl.label7.html
InCome.fmEmpl.label8.html
InCome.fmEmpl.label9.html
InCome.fmEmpl.menuItem1.html
InCome.fmEmpl.menuItem2.html
InCome.fmEmpl.menuItem3.html
InCome.fmEmpl.menuItem4.html
InCome.fmEmpl.miAdd.html
InCome.fmEmpl.miDel.html
InCome.fmEmpl.miDepart.html
InCome.fmEmpl.miGroup.html
InCome.fmEmpl.miSave.html
InCome.fmEmpl.pnData.html
InCome.fmEmpl.pnEmplInfo.html
InCome.fmEmpl.splitter1.html
InCome.fmEmpl.tbAddress.html
InCome.fmEmpl.tbCode.html
InCome.fmEmpl.tbCountry.html
InCome.fmEmpl.tbDistrict.html
InCome.fmEmpl.tbDoc.html
InCome.fmEmpl.tbDocType.html
InCome.fmEmpl.tbEmail.html
InCome.fmEmpl.tbLogin.html
InCome.fmEmpl.tbMobphone.html
InCome.fmEmpl.tbName.html
InCome.fmEmpl.tbPassword.html
InCome.fmEmpl.tbPhone.html
InCome.fmEmpl.tbRegion.html
InCome.fmEmpl.tbSecname.html
InCome.fmEmpl.tbSettlement.html
InCome.fmEmpl.tbSurname.html
InCome.fmEmpl.tvEmpl.html
InCome.fmEmplMethods.html
InCome.fmEmpl.addToQueue.html
InCome.fmEmpl.AddUser.html
InCome.fmEmpl.btnAdd_Click.html
InCome.fmEmpl.btnClose_Click.html
InCome.fmEmpl.btnClose_Click_1.html
InCome.fmEmpl.btnDelEmpl_Click.html
InCome.fmEmpl.btnDelQueue_Click.html
InCome.fmEmpl.btnNewCode_Click.html
InCome.fmEmpl.btnNewDepart_Click.html
InCome.fmEmpl.btnNewGroup_Click.html
InCome.fmEmpl.btnPrintQueue_Click.html
InCome.fmEmpl.btnSave_Click.html
InCome.fmEmpl.btnToQueue_Click.html
InCome.fmEmpl.cbUsePassword_Click.html
InCome.fmEmpl.changeUserByID.html
InCome.fmEmpl.delQueue.html
InCome.fmEmpl.delUserByID.html
InCome.fmEmpl.Dispose_overload_2.html
InCome.fmEmpl.fillTree.html
InCome.fmEmpl.fmEmpl_Load.html
InCome.fmEmpl.getEmpls.html
InCome.fmEmpl.getKontrSum.html
InCome.fmEmpl.getNewCode.html
InCome.fmEmpl.getUserByID.html
InCome.fmEmpl.InitializeComponent.html
InCome.fmEmpl.isKontrSumRight.html
InCome.fmEmpl.miDepart_Click.html
InCome.fmEmpl.refreshDepart.html
InCome.fmEmpl.refreshGroup.html
InCome.fmEmpl.tvEmpl_AfterSelect.html
InCome.fmGroup.html
InCome.fmGroupMembers.html
InCome.fmGroupConstructor.html
InCome.fmGroupFields.html
InCome.fmGroup.btnAdd.html
InCome.fmGroup.btnChange.html
InCome.fmGroup.btnClose.html
InCome.fmGroup.btnDel.html
InCome.fmGroup.components.html
InCome.fmGroup.conStr.html
InCome.fmGroup.dataGridTableStyle1.html
InCome.fmGroup.dataGridTextBoxColumn1.html
InCome.fmGroup.dataGridTextBoxColumn2.html
InCome.fmGroup.dgGroup.html
InCome.fmGroup.dsGroup.html
InCome.fmGroup.tbName.html
InCome.fmGroupMethods.html
InCome.fmGroup.addGroup.html
InCome.fmGroup.btnAdd_Click.html
InCome.fmGroup.btnChange_Click.html
InCome.fmGroup.btnClose_Click.html
InCome.fmGroup.btnDel_Click.html
InCome.fmGroup.changeGroup.html
InCome.fmGroup.delGroup.html
InCome.fmGroup.dgGroup_CurrentCellChanged.html
InCome.fmGroup.Dispose_overload_2.html
InCome.fmGroup.fillGroups.html
InCome.fmGroup.fmGroup_Activated.html
InCome.fmGroup.fmGroup_Load.html
InCome.fmGroup.getGroups.html
InCome.fmGroup.InitializeComponent.html
InCome.fmGroup.setGrid.html
InCome.fmLogin.html
InCome.fmLoginMembers.html
InCome.fmLoginConstructor.html
InCome.fmLoginFields.html
InCome.fmLogin.btnCancel.html
InCome.fmLogin.btnConf.html
InCome.fmLogin.components.html
InCome.fmLogin.label1.html
InCome.fmLogin.label2.html
InCome.fmLogin.login.html
InCome.fmLogin.password.html
InCome.fmLogin.result.html
InCome.fmLogin.tbLogin.html
InCome.fmLogin.tbPassword.html
InCome.fmLoginMethods.html
InCome.fmLogin.btnCancel_Click.html
InCome.fmLogin.btnConf_Click.html
InCome.fmLogin.Dispose_overload_2.html
InCome.fmLogin.fmLogin_Activated.html
InCome.fmLogin.InitializeComponent.html
InCome.fmMain.html
InCome.fmMainMembers.html
InCome.fmMainConstructor.html
InCome.fmMainFields.html
InCome.fmMain.btnEmpl.html
InCome.fmMain.btnGo.html
InCome.fmMain.btnNewDB.html
InCome.fmMain.btnStat.html
InCome.fmMain.components.html
InCome.fmMain.dcr.html
InCome.fmMain.groupBox1.html
InCome.fmMain.label1.html
InCome.fmMain.lbMsg.html
InCome.fmMain.pb.html
InCome.fmMain.tbCode.html
InCome.fmMain.timer.html
InCome.fmMainMethods.html
InCome.fmMain.btnGo_Click.html
InCome.fmMain.btnNewDB_Click.html
InCome.fmMain.CheckCode.html
InCome.fmMain.Dispose_overload_2.html
InCome.fmMain.fmMain_Activated.html
InCome.fmMain.fmMain_Load.html
InCome.fmMain.InitializeComponent.html
InCome.fmMain.LogInOut.html
InCome.fmMain.Main.html
InCome.fmMain.pbSets_Click.html
InCome.fmMain.pbStat_Click.html
InCome.fmMain.tbCode_KeyPress.html
InCome.fmMain.timer_Elapsed.html
InCome.fmRep.html
InCome.fmRepMembers.html
InCome.fmRepConstructor.html
InCome.fmRepFields.html
InCome.fmRep.components.html
InCome.fmRep.crv.html
InCome.fmRepMethods.html
InCome.fmRep.Dispose_overload_2.html
InCome.fmRep.InitializeComponent.html
InCome.fmStat.html
InCome.fmStatMembers.html
InCome.fmStatConstructor.html
InCome.fmStatFields.html
InCome.fmStat.bntRefresh.html
InCome.fmStat.btnCorrect.html
InCome.fmStat.btnGo.html
InCome.fmStat.btnPrint.html
InCome.fmStat.button2.html
InCome.fmStat.cbAll.html
InCome.fmStat.cbSusp.html
InCome.fmStat.clbEmpl.html
InCome.fmStat.components.html
InCome.fmStat.conStr.html
InCome.fmStat.dgCurrent.html
InCome.fmStat.dsCurrent.html
InCome.fmStat.dtpDate1.html
InCome.fmStat.dtpDate2.html
InCome.fmStat.dtpTime1.html
InCome.fmStat.dtpTime2.html
InCome.fmStat.groupBox1.html
InCome.fmStat.label1.html
InCome.fmStat.label2.html
InCome.fmStat.label3.html
InCome.fmStat.lbWait.html
InCome.fmStat.rbDayly.html
InCome.fmStat.rbTotal.html
InCome.fmStatMethods.html
InCome.fmStat.bntRefresh_Click.html
InCome.fmStat.btnCorrect_Click.html
InCome.fmStat.btnGo_Click.html
InCome.fmStat.btnPrint_Click.html
InCome.fmStat.button2_Click.html
InCome.fmStat.cbAll_Click.html
InCome.fmStat.cbSusp_CheckedChanged.html
InCome.fmStat.clbEmpl_ItemCheck.html
InCome.fmStat.correctTime.html
InCome.fmStat.dgCurrent_DoubleClick.html
InCome.fmStat.Dispose_overload_2.html
InCome.fmStat.fillCurrent.html
InCome.fmStat.fillReportSource.html
InCome.fmStat.fmStat_Load.html
InCome.fmStat.formReportTable.html
InCome.fmStat.InitializeComponent.html
InCome.fmStat.setGridCurrent.html
InCome.SqlVer.html
Generating HTML content file...
transform the HHC contents file into html
Compiling HTML Help file...
Compiling Html Help file
Microsoft HTML Help Compiler 4.74.8702

Compiling c:\plumply\work\Incoming\InCome\doc\ndoc_msdn_temp\Documentation.chm


Compile time: 0 minutes, 4 seconds
701	Topics
4,263	Local links
0	Internet links
8	Graphics


Created c:\plumply\work\Incoming\InCome\doc\ndoc_msdn_temp\Documentation.chm, 205,637 bytes
Compression decreased file by 1,657,008 bytes.

Html Help compile complete
Done.
